<?xml version="1.0" encoding="UTF-8"?>
<!-- Generated by org.testng.reporters.JUnitReportReporter -->
<testsuite hostname="MDALLAL" failures="0" tests="2" name="eng_lec16_4.eng_lec16_4.AppTest" time="2.328" errors="0" timestamp="2025-04-19T11:02:06 GMT+03:00" skipped="1">
  <testcase classname="eng_lec16_4.eng_lec16_4.AppTest" name="FillingtheInputFields" time="2.328"/>
  <testcase classname="eng_lec16_4.eng_lec16_4.AppTest" name="ScrollTest">
    <skipped/>
  </testcase> <!-- ScrollTest -->
</testsuite> <!-- eng_lec16_4.eng_lec16_4.AppTest -->
